# JRE version: OpenJDK Runtime Environment (8.0_252-b09) (build 1.8.0_252-8u252-b09-1~16.04-b09)
# Java VM: OpenJDK 64-Bit Server VM (25.252-b09 mixed mode linux-amd64 compressed oops)
Heap:
 def new generation   total 15104K, used 0K [0x00000000c0000000, 0x00000000c1060000, 0x00000000d5550000)
  eden space 13440K,   0% used [0x00000000c0000000, 0x00000000c0000000, 0x00000000c0d20000)
  from space 1664K,   0% used [0x00000000c0d20000, 0x00000000c0d20000, 0x00000000c0ec0000)
  to   space 1664K,   0% used [0x00000000c0ec0000, 0x00000000c0ec0000, 0x00000000c1060000)
 tenured generation   total 61112K, used 56632K [0x00000000d5550000, 0x00000000d90fe000, 0x0000000100000000)
   the space 61112K,  92% used [0x00000000d5550000, 0x00000000d8c9e158, 0x00000000d8c9e200, 0x00000000d90fe000)
 Metaspace       used 70628K, capacity 71588K, committed 71896K, reserved 1112064K
  class space    used 9896K, capacity 10106K, committed 10200K, reserved 1048576K
GC Heap History (10 events):
Event: 42.959 GC heap after
Heap after GC invocations=393 (full 6):
 def new generation   total 15104K, used 845K [0x00000000c0000000, 0x00000000c1060000, 0x00000000d5550000)
  eden space 13440K,   0% used [0x00000000c0000000, 0x00000000c0000000, 0x00000000c0d20000)
  from space 1664K,  50% used [0x00000000c0ec0000, 0x00000000c0f93540, 0x00000000c1060000)
  to   space 1664K,   0% used [0x00000000c0d20000, 0x00000000c0d20000, 0x00000000c0ec0000)
 tenured generation   total 49784K, used 48676K [0x00000000d5550000, 0x00000000d85ee000, 0x0000000100000000)
   the space 49784K,  97% used [0x00000000d5550000, 0x00000000d84d90f0, 0x00000000d84d9200, 0x00000000d85ee000)
 Metaspace       used 70600K, capacity 71582K, committed 71896K, reserved 1112064K
  class space    used 9895K, capacity 10105K, committed 10200K, reserved 1048576K
}
Event: 42.997 GC heap before
{Heap before GC invocations=393 (full 6):
 def new generation   total 15104K, used 12585K [0x00000000c0000000, 0x00000000c1060000, 0x00000000d5550000)
  eden space 13440K,  87% used [0x00000000c0000000, 0x00000000c0b76fb0, 0x00000000c0d20000)
  from space 1664K,  50% used [0x00000000c0ec0000, 0x00000000c0f93540, 0x00000000c1060000)
  to   space 1664K,   0% used [0x00000000c0d20000, 0x00000000c0d20000, 0x00000000c0ec0000)
 tenured generation   total 49784K, used 48676K [0x00000000d5550000, 0x00000000d85ee000, 0x0000000100000000)
   the space 49784K,  97% used [0x00000000d5550000, 0x00000000d84d90f0, 0x00000000d84d9200, 0x00000000d85ee000)
 Metaspace       used 70600K, capacity 71582K, committed 71896K, reserved 1112064K
  class space    used 9895K, capacity 10105K, committed 10200K, reserved 1048576K
Event: 43.001 GC heap after
Heap after GC invocations=394 (full 6):
 def new generation   total 15104K, used 906K [0x00000000c0000000, 0x00000000c1060000, 0x00000000d5550000)
  eden space 13440K,   0% used [0x00000000c0000000, 0x00000000c0000000, 0x00000000c0d20000)
  from space 1664K,  54% used [0x00000000c0d20000, 0x00000000c0e02be8, 0x00000000c0ec0000)
  to   space 1664K,   0% used [0x00000000c0ec0000, 0x00000000c0ec0000, 0x00000000c1060000)
 tenured generation   total 49784K, used 48723K [0x00000000d5550000, 0x00000000d85ee000, 0x0000000100000000)
   the space 49784K,  97% used [0x00000000d5550000, 0x00000000d84e4df0, 0x00000000d84e4e00, 0x00000000d85ee000)
 Metaspace       used 70600K, capacity 71582K, committed 71896K, reserved 1112064K
  class space    used 9895K, capacity 10105K, committed 10200K, reserved 1048576K
}
Event: 43.079 GC heap before
{Heap before GC invocations=394 (full 6):
 def new generation   total 15104K, used 13993K [0x00000000c0000000, 0x00000000c1060000, 0x00000000d5550000)
  eden space 13440K,  97% used [0x00000000c0000000, 0x00000000c0cc78a0, 0x00000000c0d20000)
  from space 1664K,  54% used [0x00000000c0d20000, 0x00000000c0e02be8, 0x00000000c0ec0000)
  to   space 1664K,   0% used [0x00000000c0ec0000, 0x00000000c0ec0000, 0x00000000c1060000)
 tenured generation   total 49784K, used 48723K [0x00000000d5550000, 0x00000000d85ee000, 0x0000000100000000)
   the space 49784K,  97% used [0x00000000d5550000, 0x00000000d84e4df0, 0x00000000d84e4e00, 0x00000000d85ee000)
 Metaspace       used 70614K, capacity 71582K, committed 71896K, reserved 1112064K
  class space    used 9895K, capacity 10105K, committed 10200K, reserved 1048576K
Event: 43.083 GC heap after
Heap after GC invocations=395 (full 6):
 def new generation   total 15104K, used 1093K [0x00000000c0000000, 0x00000000c1060000, 0x00000000d5550000)
  eden space 13440K,   0% used [0x00000000c0000000, 0x00000000c0000000, 0x00000000c0d20000)
  from space 1664K,  65% used [0x00000000c0ec0000, 0x00000000c0fd1570, 0x00000000c1060000)
  to   space 1664K,   0% used [0x00000000c0d20000, 0x00000000c0d20000, 0x00000000c0ec0000)
 tenured generation   total 49784K, used 48821K [0x00000000d5550000, 0x00000000d85ee000, 0x0000000100000000)
   the space 49784K,  98% used [0x00000000d5550000, 0x00000000d84fd500, 0x00000000d84fd600, 0x00000000d85ee000)
 Metaspace       used 70614K, capacity 71582K, committed 71896K, reserved 1112064K
  class space    used 9895K, capacity 10105K, committed 10200K, reserved 1048576K
}
Event: 43.125 GC heap before
{Heap before GC invocations=395 (full 6):
 def new generation   total 15104K, used 12218K [0x00000000c0000000, 0x00000000c1060000, 0x00000000d5550000)
  eden space 13440K,  82% used [0x00000000c0000000, 0x00000000c0add610, 0x00000000c0d20000)
  from space 1664K,  65% used [0x00000000c0ec0000, 0x00000000c0fd1570, 0x00000000c1060000)
  to   space 1664K,   0% used [0x00000000c0d20000, 0x00000000c0d20000, 0x00000000c0ec0000)
 tenured generation   total 49784K, used 48821K [0x00000000d5550000, 0x00000000d85ee000, 0x0000000100000000)
   the space 49784K,  98% used [0x00000000d5550000, 0x00000000d84fd500, 0x00000000d84fd600, 0x00000000d85ee000)
 Metaspace       used 70622K, capacity 71588K, committed 71896K, reserved 1112064K
  class space    used 9896K, capacity 10106K, committed 10200K, reserved 1048576K
Event: 43.129 GC heap after
Heap after GC invocations=396 (full 6):
 def new generation   total 15104K, used 934K [0x00000000c0000000, 0x00000000c1060000, 0x00000000d5550000)
  eden space 13440K,   0% used [0x00000000c0000000, 0x00000000c0000000, 0x00000000c0d20000)
  from space 1664K,  56% used [0x00000000c0d20000, 0x00000000c0e099a0, 0x00000000c0ec0000)
  to   space 1664K,   0% used [0x00000000c0ec0000, 0x00000000c0ec0000, 0x00000000c1060000)
 tenured generation   total 49784K, used 49114K [0x00000000d5550000, 0x00000000d85ee000, 0x0000000100000000)
   the space 49784K,  98% used [0x00000000d5550000, 0x00000000d8546a18, 0x00000000d8546c00, 0x00000000d85ee000)
 Metaspace       used 70622K, capacity 71588K, committed 71896K, reserved 1112064K
  class space    used 9896K, capacity 10106K, committed 10200K, reserved 1048576K
}
Event: 43.171 GC heap before
{Heap before GC invocations=396 (full 6):
 def new generation   total 15104K, used 14374K [0x00000000c0000000, 0x00000000c1060000, 0x00000000d5550000)
  eden space 13440K, 100% used [0x00000000c0000000, 0x00000000c0d20000, 0x00000000c0d20000)
  from space 1664K,  56% used [0x00000000c0d20000, 0x00000000c0e099a0, 0x00000000c0ec0000)
  to   space 1664K,   0% used [0x00000000c0ec0000, 0x00000000c0ec0000, 0x00000000c1060000)
 tenured generation   total 49784K, used 49114K [0x00000000d5550000, 0x00000000d85ee000, 0x0000000100000000)
   the space 49784K,  98% used [0x00000000d5550000, 0x00000000d8546a18, 0x00000000d8546c00, 0x00000000d85ee000)
 Metaspace       used 70628K, capacity 71588K, committed 71896K, reserved 1112064K
  class space    used 9896K, capacity 10106K, committed 10200K, reserved 1048576K
Event: 43.174 GC heap after
Heap after GC invocations=397 (full 6):
 def new generation   total 15104K, used 1056K [0x00000000c0000000, 0x00000000c1060000, 0x00000000d5550000)
  eden space 13440K,   0% used [0x00000000c0000000, 0x00000000c0000000, 0x00000000c0d20000)
  from space 1664K,  63% used [0x00000000c0ec0000, 0x00000000c0fc82d8, 0x00000000c1060000)
  to   space 1664K,   0% used [0x00000000c0d20000, 0x00000000c0d20000, 0x00000000c0ec0000)
 tenured generation   total 49784K, used 49258K [0x00000000d5550000, 0x00000000d85ee000, 0x0000000100000000)
   the space 49784K,  98% used [0x00000000d5550000, 0x00000000d856a8c8, 0x00000000d856aa00, 0x00000000d85ee000)
 Metaspace       used 70628K, capacity 71588K, committed 71896K, reserved 1112064K
  class space    used 9896K, capacity 10106K, committed 10200K, reserved 1048576K
}
Event: 43.188 GC heap before
{Heap before GC invocations=397 (full 6):
 def new generation   total 15104K, used 14485K [0x00000000c0000000, 0x00000000c1060000, 0x00000000d5550000)
  eden space 13440K,  99% used [0x00000000c0000000, 0x00000000c0d1d268, 0x00000000c0d20000)
  from space 1664K,  63% used [0x00000000c0ec0000, 0x00000000c0fc82d8, 0x00000000c1060000)
  to   space 1664K,   0% used [0x00000000c0d20000, 0x00000000c0d20000, 0x00000000c0ec0000)
 tenured generation   total 49784K, used 49258K [0x00000000d5550000, 0x00000000d85ee000, 0x0000000100000000)
   the space 49784K,  98% used [0x00000000d5550000, 0x00000000d856a8c8, 0x00000000d856aa00, 0x00000000d85ee000)
 Metaspace       used 70628K, capacity 71588K, committed 71896K, reserved 1112064K
  class space    used 9896K, capacity 10106K, committed 10200K, reserved 1048576K

